[ 2019-03-09T00:28:16+08:00 ] 127.0.0.1 /
INFO: [ app_init ] --START--
INFO: Run Behavior\BuildLiteBehavior [ RunTime:0.000000s ]
INFO: [ app_init ] --END-- [ RunTime:0.000000s ]
INFO: [ app_begin ] --START--
INFO: Run Behavior\ReadHtmlCacheBehavior [ RunTime:0.001000s ]
INFO: [ app_begin ] --END-- [ RunTime:0.001000s ]

[ 2019-03-09T00:30:10+08:00 ] 127.0.0.1 /
INFO: [ app_init ] --START--
INFO: Run Behavior\BuildLiteBehavior [ RunTime:0.000000s ]
INFO: [ app_init ] --END-- [ RunTime:0.000000s ]
INFO: [ app_begin ] --START--
INFO: Run Behavior\ReadHtmlCacheBehavior [ RunTime:0.000000s ]
INFO: [ app_begin ] --END-- [ RunTime:0.000000s ]

[ 2019-03-09T00:31:25+08:00 ] 127.0.0.1 /
INFO: [ app_init ] --START--
INFO: Run Behavior\BuildLiteBehavior [ RunTime:0.000000s ]
INFO: [ app_init ] --END-- [ RunTime:0.003000s ]
INFO: [ app_begin ] --START--
INFO: Run Behavior\ReadHtmlCacheBehavior [ RunTime:0.001000s ]
INFO: [ app_begin ] --END-- [ RunTime:0.001000s ]
NOTIC: [8] Undefined index: keyword D:\phpStudy\WWW\hua\wwwroot\Application\Home\Controller\IndexController.class.php 第 9 行.
NOTIC: [8] Undefined index: plan D:\phpStudy\WWW\hua\wwwroot\Application\Home\Controller\IndexController.class.php 第 10 行.
NOTIC: [8] Undefined index: unit D:\phpStudy\WWW\hua\wwwroot\Application\Home\Controller\IndexController.class.php 第 11 行.
SQL: SHOW COLUMNS FROM `info` [ RunTime:0.1110s ]
SQL: SELECT `phone` FROM `info` WHERE ( id = '1' ) LIMIT 1   [ RunTime:0.0900s ]
SQL: SELECT `code` FROM `info` WHERE ( id = '1' ) LIMIT 1   [ RunTime:0.0800s ]
SQL: SHOW COLUMNS FROM `t_check` [ RunTime:0.0810s ]
SQL: SELECT * FROM `t_check` WHERE ( ip = '127.0.0.1' ) LIMIT 1   [ RunTime:0.1090s ]
SQL: INSERT INTO `t_check` (`ip`,`count`,`timeout`) VALUES ('127.0.0.1','1','1552064485') [ RunTime:0.0920s ]
INFO: [ view_parse ] --START--
INFO: [ template_filter ] --START--
INFO: Run Behavior\ContentReplaceBehavior [ RunTime:0.000000s ]
INFO: [ template_filter ] --END-- [ RunTime:0.000000s ]
NOTIC: [8] A session had already been started - ignoring session_start() D:\phpStudy\WWW\hua\wwwroot\Application\Runtime\Cache\Home\2a94b8bda04ff446dcedd42276fc99ee.php 第 1 行.
NOTIC: [8] Undefined index: keyword D:\phpStudy\WWW\hua\wwwroot\Application\Runtime\Cache\Home\2a94b8bda04ff446dcedd42276fc99ee.php 第 204 行.
NOTIC: [8] Undefined index: plan D:\phpStudy\WWW\hua\wwwroot\Application\Runtime\Cache\Home\2a94b8bda04ff446dcedd42276fc99ee.php 第 205 行.
NOTIC: [8] Undefined index: unit D:\phpStudy\WWW\hua\wwwroot\Application\Runtime\Cache\Home\2a94b8bda04ff446dcedd42276fc99ee.php 第 206 行.
INFO: Run Behavior\ParseTemplateBehavior [ RunTime:0.019002s ]
INFO: [ view_parse ] --END-- [ RunTime:0.019002s ]
INFO: [ view_filter ] --START--
INFO: Run Behavior\WriteHtmlCacheBehavior [ RunTime:0.000000s ]
INFO: [ view_filter ] --END-- [ RunTime:0.000000s ]
INFO: [ app_end ] --START--
INFO: Run Behavior\ShowPageTraceBehavior [ RunTime:0.001000s ]
INFO: [ app_end ] --END-- [ RunTime:0.001000s ]

[ 2019-03-09T00:31:34+08:00 ] 127.0.0.1 /
INFO: [ app_init ] --START--
INFO: Run Behavior\BuildLiteBehavior [ RunTime:0.000000s ]
INFO: [ app_init ] --END-- [ RunTime:0.001000s ]
INFO: [ app_begin ] --START--
INFO: Run Behavior\ReadHtmlCacheBehavior [ RunTime:0.001000s ]
INFO: [ app_begin ] --END-- [ RunTime:0.001000s ]
NOTIC: [8] Undefined index: keyword D:\phpStudy\WWW\hua\wwwroot\Application\Home\Controller\IndexController.class.php 第 9 行.
NOTIC: [8] Undefined index: plan D:\phpStudy\WWW\hua\wwwroot\Application\Home\Controller\IndexController.class.php 第 10 行.
NOTIC: [8] Undefined index: unit D:\phpStudy\WWW\hua\wwwroot\Application\Home\Controller\IndexController.class.php 第 11 行.
SQL: SHOW COLUMNS FROM `info` [ RunTime:0.0820s ]
SQL: SELECT `phone` FROM `info` WHERE ( id = '1' ) LIMIT 1   [ RunTime:0.0780s ]
SQL: SELECT `code` FROM `info` WHERE ( id = '1' ) LIMIT 1   [ RunTime:0.0790s ]
SQL: SHOW COLUMNS FROM `t_check` [ RunTime:0.0810s ]
SQL: SELECT * FROM `t_check` WHERE ( ip = '127.0.0.1' ) LIMIT 1   [ RunTime:0.1060s ]
SQL: UPDATE `t_check` SET `ip`='127.0.0.1',`timeout`='1552064485',`count`='2',`disable`='0' WHERE `id` = 78088 [ RunTime:0.1010s ]
INFO: [ view_parse ] --START--
INFO: [ template_filter ] --START--
INFO: Run Behavior\ContentReplaceBehavior [ RunTime:0.001000s ]
INFO: [ template_filter ] --END-- [ RunTime:0.001000s ]
NOTIC: [8] A session had already been started - ignoring session_start() D:\phpStudy\WWW\hua\wwwroot\Application\Runtime\Cache\Home\2a94b8bda04ff446dcedd42276fc99ee.php 第 1 行.
NOTIC: [8] Undefined index: keyword D:\phpStudy\WWW\hua\wwwroot\Application\Runtime\Cache\Home\2a94b8bda04ff446dcedd42276fc99ee.php 第 204 行.
NOTIC: [8] Undefined index: plan D:\phpStudy\WWW\hua\wwwroot\Application\Runtime\Cache\Home\2a94b8bda04ff446dcedd42276fc99ee.php 第 205 行.
NOTIC: [8] Undefined index: unit D:\phpStudy\WWW\hua\wwwroot\Application\Runtime\Cache\Home\2a94b8bda04ff446dcedd42276fc99ee.php 第 206 行.
INFO: Run Behavior\ParseTemplateBehavior [ RunTime:0.016001s ]
INFO: [ view_parse ] --END-- [ RunTime:0.016001s ]
INFO: [ view_filter ] --START--
INFO: Run Behavior\WriteHtmlCacheBehavior [ RunTime:0.000000s ]
INFO: [ view_filter ] --END-- [ RunTime:0.000000s ]
INFO: [ app_end ] --START--
INFO: Run Behavior\ShowPageTraceBehavior [ RunTime:0.000000s ]
INFO: [ app_end ] --END-- [ RunTime:0.000000s ]

[ 2019-03-09T00:33:40+08:00 ] 127.0.0.1 /
INFO: [ app_init ] --START--
INFO: Run Behavior\BuildLiteBehavior [ RunTime:0.000000s ]
INFO: [ app_init ] --END-- [ RunTime:0.001000s ]
INFO: [ app_begin ] --START--
INFO: Run Behavior\ReadHtmlCacheBehavior [ RunTime:0.000000s ]
INFO: [ app_begin ] --END-- [ RunTime:0.000000s ]
NOTIC: [8] Undefined index: keyword D:\phpStudy\WWW\hua\wwwroot\Application\Home\Controller\IndexController.class.php 第 9 行.
NOTIC: [8] Undefined index: plan D:\phpStudy\WWW\hua\wwwroot\Application\Home\Controller\IndexController.class.php 第 10 行.
NOTIC: [8] Undefined index: unit D:\phpStudy\WWW\hua\wwwroot\Application\Home\Controller\IndexController.class.php 第 11 行.
SQL: SHOW COLUMNS FROM `info` [ RunTime:0.1020s ]
SQL: SELECT `phone` FROM `info` WHERE ( id = '1' ) LIMIT 1   [ RunTime:0.0760s ]
SQL: SELECT `code` FROM `info` WHERE ( id = '1' ) LIMIT 1   [ RunTime:0.0810s ]
SQL: SHOW COLUMNS FROM `t_check` [ RunTime:0.0890s ]
SQL: SELECT * FROM `t_check` WHERE ( ip = '127.0.0.1' ) LIMIT 1   [ RunTime:0.0990s ]
SQL: UPDATE `t_check` SET `ip`='127.0.0.1',`timeout`='1552064485',`count`='3',`disable`='0' WHERE `id` = 78088 [ RunTime:0.0940s ]
INFO: [ view_parse ] --START--
INFO: [ template_filter ] --START--
INFO: Run Behavior\ContentReplaceBehavior [ RunTime:0.001000s ]
INFO: [ template_filter ] --END-- [ RunTime:0.001000s ]
NOTIC: [8] A session had already been started - ignoring session_start() D:\phpStudy\WWW\hua\wwwroot\Application\Runtime\Cache\Home\2a94b8bda04ff446dcedd42276fc99ee.php 第 1 行.
NOTIC: [8] Undefined index: keyword D:\phpStudy\WWW\hua\wwwroot\Application\Runtime\Cache\Home\2a94b8bda04ff446dcedd42276fc99ee.php 第 204 行.
NOTIC: [8] Undefined index: plan D:\phpStudy\WWW\hua\wwwroot\Application\Runtime\Cache\Home\2a94b8bda04ff446dcedd42276fc99ee.php 第 205 行.
NOTIC: [8] Undefined index: unit D:\phpStudy\WWW\hua\wwwroot\Application\Runtime\Cache\Home\2a94b8bda04ff446dcedd42276fc99ee.php 第 206 行.
INFO: Run Behavior\ParseTemplateBehavior [ RunTime:0.016001s ]
INFO: [ view_parse ] --END-- [ RunTime:0.016001s ]
INFO: [ view_filter ] --START--
INFO: Run Behavior\WriteHtmlCacheBehavior [ RunTime:0.000000s ]
INFO: [ view_filter ] --END-- [ RunTime:0.000000s ]
INFO: [ app_end ] --START--
INFO: Run Behavior\ShowPageTraceBehavior [ RunTime:0.001000s ]
INFO: [ app_end ] --END-- [ RunTime:0.001000s ]

[ 2019-03-09T00:36:40+08:00 ] 127.0.0.1 /
INFO: [ app_init ] --START--
INFO: Run Behavior\BuildLiteBehavior [ RunTime:0.000000s ]
INFO: [ app_init ] --END-- [ RunTime:0.001000s ]
INFO: [ app_begin ] --START--
INFO: Run Behavior\ReadHtmlCacheBehavior [ RunTime:0.001000s ]
INFO: [ app_begin ] --END-- [ RunTime:0.001000s ]
NOTIC: [8] Undefined index: keyword D:\phpStudy\WWW\hua\wwwroot\Application\Home\Controller\IndexController.class.php 第 9 行.
NOTIC: [8] Undefined index: plan D:\phpStudy\WWW\hua\wwwroot\Application\Home\Controller\IndexController.class.php 第 10 行.
NOTIC: [8] Undefined index: unit D:\phpStudy\WWW\hua\wwwroot\Application\Home\Controller\IndexController.class.php 第 11 行.
SQL: SHOW COLUMNS FROM `info` [ RunTime:0.0830s ]
SQL: SELECT `phone` FROM `info` WHERE ( id = '1' ) LIMIT 1   [ RunTime:0.0980s ]
SQL: SELECT `code` FROM `info` WHERE ( id = '1' ) LIMIT 1   [ RunTime:0.1080s ]
SQL: SHOW COLUMNS FROM `t_check` [ RunTime:0.0940s ]
SQL: SELECT * FROM `t_check` WHERE ( ip = '127.0.0.1' ) LIMIT 1   [ RunTime:0.0990s ]
SQL: UPDATE `t_check` SET `ip`='127.0.0.1',`timeout`='1552064485',`count`='4',`disable`='1' WHERE `id` = 78088 [ RunTime:0.1110s ]
INFO: [ view_parse ] --START--
INFO: [ template_filter ] --START--
INFO: Run Behavior\ContentReplaceBehavior [ RunTime:0.000000s ]
INFO: [ template_filter ] --END-- [ RunTime:0.000000s ]
NOTIC: [8] A session had already been started - ignoring session_start() D:\phpStudy\WWW\hua\wwwroot\Application\Runtime\Cache\Home\2a94b8bda04ff446dcedd42276fc99ee.php 第 1 行.
NOTIC: [8] Undefined index: keyword D:\phpStudy\WWW\hua\wwwroot\Application\Runtime\Cache\Home\2a94b8bda04ff446dcedd42276fc99ee.php 第 204 行.
NOTIC: [8] Undefined index: plan D:\phpStudy\WWW\hua\wwwroot\Application\Runtime\Cache\Home\2a94b8bda04ff446dcedd42276fc99ee.php 第 205 行.
NOTIC: [8] Undefined index: unit D:\phpStudy\WWW\hua\wwwroot\Application\Runtime\Cache\Home\2a94b8bda04ff446dcedd42276fc99ee.php 第 206 行.
INFO: Run Behavior\ParseTemplateBehavior [ RunTime:0.022002s ]
INFO: [ view_parse ] --END-- [ RunTime:0.022002s ]
INFO: [ view_filter ] --START--
INFO: Run Behavior\WriteHtmlCacheBehavior [ RunTime:0.000000s ]
INFO: [ view_filter ] --END-- [ RunTime:0.000000s ]
INFO: [ app_end ] --START--
INFO: Run Behavior\ShowPageTraceBehavior [ RunTime:0.000000s ]
INFO: [ app_end ] --END-- [ RunTime:0.000000s ]

[ 2019-03-09T00:43:55+08:00 ] 127.0.0.1 /
INFO: [ app_init ] --START--
INFO: Run Behavior\BuildLiteBehavior [ RunTime:0.000000s ]
INFO: [ app_init ] --END-- [ RunTime:0.002000s ]
INFO: [ app_begin ] --START--
INFO: Run Behavior\ReadHtmlCacheBehavior [ RunTime:0.001000s ]
INFO: [ app_begin ] --END-- [ RunTime:0.001000s ]
NOTIC: [8] Undefined index: keyword D:\phpStudy\WWW\hua\wwwroot\Application\Home\Controller\IndexController.class.php 第 9 行.
NOTIC: [8] Undefined index: plan D:\phpStudy\WWW\hua\wwwroot\Application\Home\Controller\IndexController.class.php 第 10 行.
NOTIC: [8] Undefined index: unit D:\phpStudy\WWW\hua\wwwroot\Application\Home\Controller\IndexController.class.php 第 11 行.
SQL: SHOW COLUMNS FROM `info` [ RunTime:0.1020s ]
SQL: SELECT `phone` FROM `info` WHERE ( id = '1' ) LIMIT 1   [ RunTime:0.0980s ]
SQL: SELECT `code` FROM `info` WHERE ( id = '1' ) LIMIT 1   [ RunTime:0.0930s ]
SQL: SHOW COLUMNS FROM `t_check` [ RunTime:0.0920s ]
SQL: SELECT * FROM `t_check` WHERE ( ip = '127.0.0.1' ) LIMIT 1   [ RunTime:0.0970s ]
INFO: [ app_end ] --START--
INFO: Run Behavior\ShowPageTraceBehavior [ RunTime:0.001000s ]
INFO: [ app_end ] --END-- [ RunTime:0.001000s ]

[ 2019-03-09T00:44:03+08:00 ] 127.0.0.1 /
INFO: [ app_init ] --START--
INFO: Run Behavior\BuildLiteBehavior [ RunTime:0.000000s ]
INFO: [ app_init ] --END-- [ RunTime:0.001000s ]
INFO: [ app_begin ] --START--
INFO: Run Behavior\ReadHtmlCacheBehavior [ RunTime:0.001000s ]
INFO: [ app_begin ] --END-- [ RunTime:0.001000s ]
NOTIC: [8] Undefined index: keyword D:\phpStudy\WWW\hua\wwwroot\Application\Home\Controller\IndexController.class.php 第 9 行.
NOTIC: [8] Undefined index: plan D:\phpStudy\WWW\hua\wwwroot\Application\Home\Controller\IndexController.class.php 第 10 行.
NOTIC: [8] Undefined index: unit D:\phpStudy\WWW\hua\wwwroot\Application\Home\Controller\IndexController.class.php 第 11 行.
SQL: SHOW COLUMNS FROM `info` [ RunTime:0.0830s ]
SQL: SELECT `phone` FROM `info` WHERE ( id = '1' ) LIMIT 1   [ RunTime:0.0770s ]
SQL: SELECT `code` FROM `info` WHERE ( id = '1' ) LIMIT 1   [ RunTime:0.0870s ]
SQL: SHOW COLUMNS FROM `t_check` [ RunTime:0.0930s ]
SQL: SELECT * FROM `t_check` WHERE ( ip = '127.0.0.1' ) LIMIT 1   [ RunTime:0.0780s ]
INFO: [ app_end ] --START--
INFO: Run Behavior\ShowPageTraceBehavior [ RunTime:0.001000s ]
INFO: [ app_end ] --END-- [ RunTime:0.001000s ]

[ 2019-03-09T00:45:23+08:00 ] 127.0.0.1 /
INFO: [ app_init ] --START--
INFO: Run Behavior\BuildLiteBehavior [ RunTime:0.000000s ]
INFO: [ app_init ] --END-- [ RunTime:0.000000s ]
INFO: [ app_begin ] --START--
INFO: Run Behavior\ReadHtmlCacheBehavior [ RunTime:0.001000s ]
INFO: [ app_begin ] --END-- [ RunTime:0.001000s ]
NOTIC: [8] Undefined index: keyword D:\phpStudy\WWW\hua\wwwroot\Application\Home\Controller\IndexController.class.php 第 9 行.
NOTIC: [8] Undefined index: plan D:\phpStudy\WWW\hua\wwwroot\Application\Home\Controller\IndexController.class.php 第 10 行.
NOTIC: [8] Undefined index: unit D:\phpStudy\WWW\hua\wwwroot\Application\Home\Controller\IndexController.class.php 第 11 行.
SQL: SHOW COLUMNS FROM `info` [ RunTime:0.1020s ]
SQL: SELECT `phone` FROM `info` WHERE ( id = '1' ) LIMIT 1   [ RunTime:0.0970s ]
SQL: SELECT `code` FROM `info` WHERE ( id = '1' ) LIMIT 1   [ RunTime:0.1020s ]
INFO: [ view_parse ] --START--
INFO: [ template_filter ] --START--
INFO: Run Behavior\ContentReplaceBehavior [ RunTime:0.001000s ]
INFO: [ template_filter ] --END-- [ RunTime:0.001000s ]
NOTIC: [8] A session had already been started - ignoring session_start() D:\phpStudy\WWW\hua\wwwroot\Application\Runtime\Cache\Home\2a94b8bda04ff446dcedd42276fc99ee.php 第 1 行.
NOTIC: [8] Undefined index: keyword D:\phpStudy\WWW\hua\wwwroot\Application\Runtime\Cache\Home\2a94b8bda04ff446dcedd42276fc99ee.php 第 200 行.
NOTIC: [8] Undefined index: plan D:\phpStudy\WWW\hua\wwwroot\Application\Runtime\Cache\Home\2a94b8bda04ff446dcedd42276fc99ee.php 第 201 行.
NOTIC: [8] Undefined index: unit D:\phpStudy\WWW\hua\wwwroot\Application\Runtime\Cache\Home\2a94b8bda04ff446dcedd42276fc99ee.php 第 202 行.
INFO: Run Behavior\ParseTemplateBehavior [ RunTime:0.025002s ]
INFO: [ view_parse ] --END-- [ RunTime:0.025002s ]
INFO: [ view_filter ] --START--
INFO: Run Behavior\WriteHtmlCacheBehavior [ RunTime:0.001000s ]
INFO: [ view_filter ] --END-- [ RunTime:0.001000s ]
INFO: [ app_end ] --START--
INFO: Run Behavior\ShowPageTraceBehavior [ RunTime:0.001000s ]
INFO: [ app_end ] --END-- [ RunTime:0.001000s ]

[ 2019-03-09T00:48:31+08:00 ] 127.0.0.1 /
INFO: [ app_init ] --START--
INFO: Run Behavior\BuildLiteBehavior [ RunTime:0.000000s ]
INFO: [ app_init ] --END-- [ RunTime:0.000000s ]
INFO: [ app_begin ] --START--
INFO: Run Behavior\ReadHtmlCacheBehavior [ RunTime:0.001000s ]
INFO: [ app_begin ] --END-- [ RunTime:0.001000s ]
NOTIC: [8] Undefined index: keyword D:\phpStudy\WWW\hua\wwwroot\Application\Home\Controller\IndexController.class.php 第 9 行.
NOTIC: [8] Undefined index: plan D:\phpStudy\WWW\hua\wwwroot\Application\Home\Controller\IndexController.class.php 第 10 行.
NOTIC: [8] Undefined index: unit D:\phpStudy\WWW\hua\wwwroot\Application\Home\Controller\IndexController.class.php 第 11 行.
SQL: SHOW COLUMNS FROM `info` [ RunTime:0.0900s ]
SQL: SELECT `phone` FROM `info` WHERE ( id = '1' ) LIMIT 1   [ RunTime:0.0910s ]
SQL: SELECT `code` FROM `info` WHERE ( id = '1' ) LIMIT 1   [ RunTime:0.0800s ]
INFO: [ view_parse ] --START--
INFO: [ template_filter ] --START--
INFO: Run Behavior\ContentReplaceBehavior [ RunTime:0.000000s ]
INFO: [ template_filter ] --END-- [ RunTime:0.000000s ]
NOTIC: [8] A session had already been started - ignoring session_start() D:\phpStudy\WWW\hua\wwwroot\Application\Runtime\Cache\Home\2a94b8bda04ff446dcedd42276fc99ee.php 第 1 行.
NOTIC: [8] Undefined index: keyword D:\phpStudy\WWW\hua\wwwroot\Application\Runtime\Cache\Home\2a94b8bda04ff446dcedd42276fc99ee.php 第 200 行.
NOTIC: [8] Undefined index: plan D:\phpStudy\WWW\hua\wwwroot\Application\Runtime\Cache\Home\2a94b8bda04ff446dcedd42276fc99ee.php 第 201 行.
NOTIC: [8] Undefined index: unit D:\phpStudy\WWW\hua\wwwroot\Application\Runtime\Cache\Home\2a94b8bda04ff446dcedd42276fc99ee.php 第 202 行.
INFO: Run Behavior\ParseTemplateBehavior [ RunTime:0.021001s ]
INFO: [ view_parse ] --END-- [ RunTime:0.021001s ]
INFO: [ view_filter ] --START--
INFO: Run Behavior\WriteHtmlCacheBehavior [ RunTime:0.001000s ]
INFO: [ view_filter ] --END-- [ RunTime:0.001000s ]
INFO: [ app_end ] --START--
INFO: Run Behavior\ShowPageTraceBehavior [ RunTime:0.001000s ]
INFO: [ app_end ] --END-- [ RunTime:0.001000s ]

[ 2019-03-09T00:51:09+08:00 ] 127.0.0.1 /add
INFO: [ app_init ] --START--
INFO: Run Behavior\BuildLiteBehavior [ RunTime:0.000000s ]
INFO: [ app_init ] --END-- [ RunTime:0.001000s ]
INFO: [ app_begin ] --START--
INFO: Run Behavior\ReadHtmlCacheBehavior [ RunTime:0.000000s ]
INFO: [ app_begin ] --END-- [ RunTime:0.001000s ]
NOTIC: [8] Undefined index: keyword D:\phpStudy\WWW\hua\wwwroot\Application\Home\Controller\IndexController.class.php 第 9 行.
NOTIC: [8] Undefined index: plan D:\phpStudy\WWW\hua\wwwroot\Application\Home\Controller\IndexController.class.php 第 10 行.
NOTIC: [8] Undefined index: unit D:\phpStudy\WWW\hua\wwwroot\Application\Home\Controller\IndexController.class.php 第 11 行.
INFO: [ app_end ] --START--
INFO: Run Behavior\ShowPageTraceBehavior [ RunTime:0.001000s ]
INFO: [ app_end ] --END-- [ RunTime:0.001000s ]

[ 2019-03-09T20:22:12+08:00 ] 127.0.0.1 /
INFO: [ app_init ] --START--
INFO: Run Behavior\BuildLiteBehavior [ RunTime:0.000000s ]
INFO: [ app_init ] --END-- [ RunTime:0.002000s ]
INFO: [ app_begin ] --START--
INFO: Run Behavior\ReadHtmlCacheBehavior [ RunTime:0.001000s ]
INFO: [ app_begin ] --END-- [ RunTime:0.001000s ]
NOTIC: [8] Undefined index: keyword D:\phpStudy\WWW\hua\wwwroot\Application\Home\Controller\IndexController.class.php 第 9 行.
NOTIC: [8] Undefined index: plan D:\phpStudy\WWW\hua\wwwroot\Application\Home\Controller\IndexController.class.php 第 10 行.
NOTIC: [8] Undefined index: unit D:\phpStudy\WWW\hua\wwwroot\Application\Home\Controller\IndexController.class.php 第 11 行.
ERR: SQLSTATE[HY000] [1049] Unknown database 'hua'

[ 2019-03-09T20:22:50+08:00 ] 127.0.0.1 /
INFO: [ app_init ] --START--
INFO: Run Behavior\BuildLiteBehavior [ RunTime:0.000000s ]
INFO: [ app_init ] --END-- [ RunTime:0.001000s ]
INFO: [ app_begin ] --START--
INFO: Run Behavior\ReadHtmlCacheBehavior [ RunTime:0.001000s ]
INFO: [ app_begin ] --END-- [ RunTime:0.001000s ]
NOTIC: [8] Undefined index: keyword D:\phpStudy\WWW\hua\wwwroot\Application\Home\Controller\IndexController.class.php 第 9 行.
NOTIC: [8] Undefined index: plan D:\phpStudy\WWW\hua\wwwroot\Application\Home\Controller\IndexController.class.php 第 10 行.
NOTIC: [8] Undefined index: unit D:\phpStudy\WWW\hua\wwwroot\Application\Home\Controller\IndexController.class.php 第 11 行.
SQL: SHOW COLUMNS FROM `info` [ RunTime:0.1050s ]
SQL: SELECT `phone` FROM `info` WHERE ( id = '1' ) LIMIT 1   [ RunTime:0.0890s ]
SQL: SELECT `code` FROM `info` WHERE ( id = '1' ) LIMIT 1   [ RunTime:0.1040s ]
SQL: SHOW COLUMNS FROM `t_check` [ RunTime:0.0910s ]
SQL: SELECT * FROM `t_check` WHERE ( ip = '127.0.0.1' ) LIMIT 1   [ RunTime:0.1150s ]
SQL: INSERT INTO `t_check` (`ip`,`count`,`timeout`) VALUES ('127.0.0.1','1','1552135970') [ RunTime:0.0830s ]
INFO: [ view_parse ] --START--
INFO: [ template_filter ] --START--
INFO: Run Behavior\ContentReplaceBehavior [ RunTime:0.001000s ]
INFO: [ template_filter ] --END-- [ RunTime:0.001000s ]
NOTIC: [8] A session had already been started - ignoring session_start() D:\phpStudy\WWW\hua\wwwroot\Application\Runtime\Cache\Home\2a94b8bda04ff446dcedd42276fc99ee.php 第 1 行.
NOTIC: [8] Undefined index: keyword D:\phpStudy\WWW\hua\wwwroot\Application\Runtime\Cache\Home\2a94b8bda04ff446dcedd42276fc99ee.php 第 200 行.
NOTIC: [8] Undefined index: plan D:\phpStudy\WWW\hua\wwwroot\Application\Runtime\Cache\Home\2a94b8bda04ff446dcedd42276fc99ee.php 第 201 行.
NOTIC: [8] Undefined index: unit D:\phpStudy\WWW\hua\wwwroot\Application\Runtime\Cache\Home\2a94b8bda04ff446dcedd42276fc99ee.php 第 202 行.
INFO: Run Behavior\ParseTemplateBehavior [ RunTime:0.024001s ]
INFO: [ view_parse ] --END-- [ RunTime:0.024001s ]
INFO: [ view_filter ] --START--
INFO: Run Behavior\WriteHtmlCacheBehavior [ RunTime:0.001000s ]
INFO: [ view_filter ] --END-- [ RunTime:0.001000s ]
INFO: [ app_end ] --START--
INFO: Run Behavior\ShowPageTraceBehavior [ RunTime:0.001001s ]
INFO: [ app_end ] --END-- [ RunTime:0.001001s ]

